TN:
SF:components/ConfirmationDialogPaymentMethod.js
FN:24,(anonymous_0)
FN:31,(anonymous_1)
FN:41,(anonymous_2)
FN:57,(anonymous_3)
FN:65,(anonymous_4)
FN:81,(anonymous_5)
FN:109,(anonymous_6)
FN:112,(anonymous_7)
FN:134,(anonymous_8)
FNF:9
FNH:8
FNDA:9,(anonymous_0)
FNDA:6,(anonymous_1)
FNDA:5,(anonymous_2)
FNDA:2,(anonymous_3)
FNDA:2,(anonymous_4)
FNDA:29,(anonymous_5)
FNDA:1,(anonymous_6)
FNDA:1,(anonymous_7)
FNDA:0,(anonymous_8)
DA:25,9
DA:26,9
DA:32,6
DA:42,5
DA:43,5
DA:44,5
DA:45,5
DA:46,5
DA:50,5
DA:55,5
DA:58,2
DA:59,2
DA:60,1
DA:61,1
DA:63,1
DA:66,2
DA:67,1
DA:69,1
DA:70,1
DA:71,1
DA:72,0
DA:74,1
DA:77,4
DA:78,4
DA:84,29
DA:85,29
DA:86,29
DA:109,1
DA:112,1
DA:124,3
DA:134,3
DA:138,3
LF:32
LH:31
BRDA:59,0,0,1
BRDA:59,0,1,1
BRDA:66,1,0,1
BRDA:66,1,1,1
BRDA:69,2,0,1
BRDA:69,2,1,0
BRDA:99,3,0,6
BRDA:99,3,1,23
BRF:8
BRH:7
end_of_record
TN:
SF:components/PaymentMethod.js
FN:21,(anonymous_0)
FN:30,(anonymous_1)
FN:40,(anonymous_2)
FN:52,(anonymous_3)
FN:53,(anonymous_4)
FN:58,(anonymous_5)
FN:97,(anonymous_6)
FN:98,(anonymous_7)
FN:107,(anonymous_8)
FN:108,(anonymous_9)
FN:117,(anonymous_10)
FN:118,(anonymous_11)
FNF:12
FNH:12
FNDA:5,(anonymous_0)
FNDA:5,(anonymous_1)
FNDA:7,(anonymous_2)
FNDA:5,(anonymous_3)
FNDA:5,(anonymous_4)
FNDA:20,(anonymous_5)
FNDA:7,(anonymous_6)
FNDA:1,(anonymous_7)
FNDA:21,(anonymous_8)
FNDA:1,(anonymous_9)
FNDA:7,(anonymous_10)
FNDA:1,(anonymous_11)
DA:22,5
DA:23,5
DA:31,5
DA:32,5
DA:41,7
DA:42,4
DA:43,2
DA:45,4
DA:53,5
DA:54,5
DA:59,20
DA:60,20
DA:61,20
DA:62,20
DA:98,7
DA:108,21
DA:118,7
DA:132,2
LF:18
LH:18
BRDA:42,0,0,2
BRDA:42,0,1,2
BRDA:85,1,0,6
BRDA:85,1,1,14
BRDA:93,2,0,7
BRDA:93,2,1,7
BRDA:103,3,0,7
BRDA:103,3,1,7
BRDA:113,4,0,7
BRDA:113,4,1,7
BRF:10
BRH:10
end_of_record
TN:
SF:components/Test.js
FN:3,(anonymous_0)
FNF:1
FNH:1
FNDA:1,(anonymous_0)
DA:4,1
LF:1
LH:1
BRF:0
BRH:0
end_of_record
TN:
SF:components/additional-product/ListAdditionalProduct.js
FN:12,(anonymous_0)
FN:19,(anonymous_1)
FN:27,(anonymous_2)
FN:28,(anonymous_3)
FN:34,(anonymous_4)
FN:38,(anonymous_5)
FN:43,(anonymous_6)
FNF:7
FNH:7
FNDA:4,(anonymous_0)
FNDA:4,(anonymous_1)
FNDA:6,(anonymous_2)
FNDA:3,(anonymous_3)
FNDA:7,(anonymous_4)
FNDA:9,(anonymous_5)
FNDA:1,(anonymous_6)
DA:13,4
DA:14,4
DA:20,4
DA:28,6
DA:29,4
DA:30,2
DA:35,7
DA:36,7
DA:39,9
DA:43,1
LF:10
LH:10
BRDA:29,0,0,2
BRDA:29,0,1,2
BRF:2
BRH:2
end_of_record
TN:
SF:components/additional-product/ProductItem.js
FN:8,(anonymous_0)
FN:14,ProductItem
FNF:2
FNH:2
FNDA:1,(anonymous_0)
FNDA:1,ProductItem
DA:8,3
DA:15,1
DA:18,1
DA:20,1
LF:4
LH:4
BRF:0
BRH:0
end_of_record
TN:
SF:components/beranda/OfferingTagihan.js
FN:7,OfferingTagihan
FN:22,(anonymous_1)
FNF:2
FNH:2
FNDA:1,OfferingTagihan
FNDA:2,(anonymous_1)
DA:8,1
DA:10,1
DA:22,2
LF:3
LH:3
BRF:0
BRH:0
end_of_record
TN:
SF:components/global-component/BasicConfirmationDialog.js
FN:14,(anonymous_0)
FN:18,(anonymous_1)
FN:22,(anonymous_2)
FN:31,(anonymous_3)
FN:43,(anonymous_4)
FN:45,(anonymous_5)
FN:57,(anonymous_6)
FNF:7
FNH:6
FNDA:6,(anonymous_0)
FNDA:4,(anonymous_1)
FNDA:6,(anonymous_2)
FNDA:1,(anonymous_3)
FNDA:1,(anonymous_4)
FNDA:1,(anonymous_5)
FNDA:0,(anonymous_6)
DA:15,6
DA:19,4
DA:25,6
DA:26,6
DA:31,1
DA:43,1
DA:45,1
DA:57,2
DA:60,2
LF:9
LH:9
BRF:0
BRH:0
end_of_record
TN:
SF:components/global-component/BlockDialog.js
FN:5,BlockDialog
FNF:1
FNH:1
FNDA:1,BlockDialog
DA:6,1
DA:7,1
LF:2
LH:2
BRF:0
BRH:0
end_of_record
TN:
SF:components/global-component/ButtonBack.js
FN:4,ButtonBack
FNF:1
FNH:1
FNDA:1,ButtonBack
DA:5,1
DA:6,1
LF:2
LH:2
BRF:0
BRH:0
end_of_record
TN:
SF:components/global-component/ButtonMain.js
FN:7,(anonymous_0)
FN:69,ButtonMain
FNF:2
FNH:2
FNDA:1,(anonymous_0)
FNDA:4,ButtonMain
DA:7,11
DA:70,4
DA:71,4
DA:72,4
DA:73,4
DA:74,4
DA:75,1
DA:77,3
DA:79,4
DA:81,1
DA:82,1
DA:84,1
DA:85,1
DA:87,1
DA:88,1
DA:93,4
DA:95,1
DA:96,1
DA:98,1
DA:99,1
DA:101,4
LF:21
LH:21
BRDA:74,0,0,1
BRDA:74,0,1,3
BRDA:79,1,0,1
BRDA:79,1,1,1
BRDA:79,1,2,1
BRDA:93,2,0,1
BRDA:93,2,1,1
BRF:7
BRH:7
end_of_record
TN:
SF:components/global-component/ButtonNavigationPay.js
FN:10,(anonymous_0)
FN:33,ButtonNavigationPay
FNF:2
FNH:2
FNDA:1,(anonymous_0)
FNDA:2,ButtonNavigationPay
DA:10,2
DA:34,2
DA:37,2
DA:39,2
LF:4
LH:4
BRF:0
BRH:0
end_of_record
TN:
SF:components/global-component/CompanyLogo.js
FN:8,CompanyLogo
FNF:1
FNH:1
FNDA:1,CompanyLogo
DA:10,1
DA:11,1
LF:2
LH:2
BRF:0
BRH:0
end_of_record
TN:
SF:components/global-component/CustomDialog.js
FN:11,(anonymous_0)
FN:18,(anonymous_1)
FN:22,(anonymous_2)
FN:27,(anonymous_3)
FN:36,(anonymous_4)
FN:49,(anonymous_5)
FN:52,(anonymous_6)
FNF:7
FNH:7
FNDA:6,(anonymous_0)
FNDA:6,(anonymous_1)
FNDA:3,(anonymous_2)
FNDA:17,(anonymous_3)
FNDA:1,(anonymous_4)
FNDA:1,(anonymous_5)
FNDA:1,(anonymous_6)
DA:12,6
DA:13,6
DA:19,6
DA:23,3
DA:24,3
DA:30,17
DA:31,17
DA:36,1
DA:49,1
DA:52,1
LF:10
LH:10
BRDA:48,0,0,15
BRDA:48,0,1,2
BRDA:49,1,0,2
BRDA:49,1,1,15
BRDA:51,2,0,15
BRDA:51,2,1,2
BRF:6
BRH:6
end_of_record
TN:
SF:components/global-component/GSnackbar.js
FN:17,(anonymous_0)
FN:24,(anonymous_1)
FN:28,(anonymous_2)
FN:39,(anonymous_3)
FN:46,(anonymous_4)
FN:57,(anonymous_5)
FNF:6
FNH:5
FNDA:4,(anonymous_0)
FNDA:3,(anonymous_1)
FNDA:4,(anonymous_2)
FNDA:1,(anonymous_3)
FNDA:1,(anonymous_4)
FNDA:0,(anonymous_5)
DA:18,4
DA:19,4
DA:24,4
DA:25,3
DA:26,3
DA:29,4
DA:30,4
DA:39,1
DA:46,1
DA:57,1
DA:61,1
LF:11
LH:11
BRDA:38,0,0,0
BRDA:38,0,1,4
BRF:2
BRH:1
end_of_record
TN:
SF:components/global-component/MainLogo.js
FN:9,MainLogo
FN:17,(anonymous_1)
FNF:2
FNH:2
FNDA:1,MainLogo
FNDA:1,(anonymous_1)
DA:10,1
DA:17,1
LF:2
LH:2
BRF:0
BRH:0
end_of_record
TN:
SF:components/global-component/PaymentInfoCard.js
FN:8,(anonymous_0)
FN:19,(anonymous_1)
FN:23,(anonymous_2)
FN:43,(anonymous_3)
FN:53,(anonymous_4)
FN:65,(anonymous_5)
FNF:6
FNH:6
FNDA:4,(anonymous_0)
FNDA:4,(anonymous_1)
FNDA:11,(anonymous_2)
FNDA:1,(anonymous_3)
FNDA:1,(anonymous_4)
FNDA:8,(anonymous_5)
DA:9,4
DA:10,4
DA:20,4
DA:24,11
DA:25,11
DA:43,1
DA:53,1
DA:67,8
LF:8
LH:8
BRDA:38,0,0,4
BRDA:38,0,1,7
BRDA:62,1,0,4
BRDA:62,1,1,7
BRF:4
BRH:4
end_of_record
TN:
SF:components/global-component/ProductCard.js
FN:4,ProductCard
FNF:1
FNH:1
FNDA:2,ProductCard
DA:7,2
DA:8,2
DA:10,2
LF:3
LH:3
BRDA:8,0,0,0
BRDA:8,0,1,2
BRDA:15,1,0,0
BRDA:15,1,1,2
BRDA:17,2,0,2
BRDA:17,2,1,1
BRDA:18,3,0,2
BRDA:18,3,1,1
BRF:8
BRH:6
end_of_record
TN:
SF:components/global-component/TabPanel.js
FN:5,(anonymous_0)
FNF:1
FNH:1
FNDA:1,(anonymous_0)
DA:5,2
DA:8,1
DA:10,1
LF:3
LH:3
BRDA:19,0,0,1
BRDA:19,0,1,0
BRF:2
BRH:1
end_of_record
TN:
SF:components/status-pembayaran/PaymentInstruction.js
FN:4,PaymentInstruction
FN:8,(anonymous_1)
FNF:2
FNH:2
FNDA:22,PaymentInstruction
FNDA:1,(anonymous_1)
DA:7,22
DA:8,1
DA:9,1
DA:14,21
DA:15,21
LF:5
LH:5
BRDA:7,0,0,1
BRDA:7,0,1,21
BRF:2
BRH:2
end_of_record
TN:
SF:components/status-pembayaran/ProductOrderDetail.js
FN:15,(anonymous_0)
FN:20,(anonymous_1)
FN:24,(anonymous_2)
FN:31,(anonymous_3)
FN:35,(anonymous_4)
FN:41,(anonymous_5)
FN:76,(anonymous_6)
FNF:7
FNH:6
FNDA:4,(anonymous_0)
FNDA:3,(anonymous_1)
FNDA:4,(anonymous_2)
FNDA:1,(anonymous_3)
FNDA:1,(anonymous_4)
FNDA:4,(anonymous_5)
FNDA:0,(anonymous_6)
DA:16,4
DA:17,4
DA:21,3
DA:25,4
DA:26,4
DA:31,1
DA:35,1
DA:42,4
DA:76,3
DA:80,3
LF:10
LH:10
BRF:0
BRH:0
end_of_record
TN:
SF:components/status-pembayaran/SuccessPayment.js
FN:12,(anonymous_0)
FN:16,(anonymous_1)
FN:50,(anonymous_2)
FN:60,(anonymous_3)
FN:83,(anonymous_4)
FNF:5
FNH:5
FNDA:8,(anonymous_0)
FNDA:13,(anonymous_1)
FNDA:9,(anonymous_2)
FNDA:8,(anonymous_3)
FNDA:8,(anonymous_4)
DA:13,8
DA:17,13
DA:18,10
DA:25,3
DA:26,1
DA:33,2
DA:34,1
DA:42,1
DA:51,9
DA:52,9
DA:53,9
DA:54,2
DA:57,7
DA:61,8
DA:62,8
DA:64,8
DA:84,8
LF:17
LH:17
BRDA:17,0,0,10
BRDA:17,0,1,3
BRDA:17,1,0,13
BRDA:17,1,1,4
BRDA:25,2,0,1
BRDA:25,2,1,2
BRDA:33,3,0,1
BRDA:33,3,1,1
BRDA:53,4,0,2
BRDA:53,4,1,7
BRDA:77,5,0,1
BRDA:77,5,1,7
BRF:12
BRH:12
end_of_record
TN:
SF:pages/404.js
FN:8,(anonymous_0)
FNF:1
FNH:1
FNDA:1,(anonymous_0)
DA:9,1
LF:1
LH:1
BRF:0
BRH:0
end_of_record
TN:
SF:pages/index.js
FN:24,(anonymous_0)
FN:34,(anonymous_1)
FN:48,(anonymous_2)
FN:52,(anonymous_3)
FN:60,(anonymous_4)
FN:66,(anonymous_5)
FN:70,(anonymous_6)
FN:76,(anonymous_7)
FN:83,(anonymous_8)
FN:89,(anonymous_9)
FN:131,(anonymous_10)
FN:138,(anonymous_11)
FNF:12
FNH:12
FNDA:17,(anonymous_0)
FNDA:17,(anonymous_1)
FNDA:1,(anonymous_2)
FNDA:6,(anonymous_3)
FNDA:17,(anonymous_4)
FNDA:2,(anonymous_5)
FNDA:80,(anonymous_6)
FNDA:1,(anonymous_7)
FNDA:1,(anonymous_8)
FNDA:1,(anonymous_9)
FNDA:18,(anonymous_10)
FNDA:3,(anonymous_11)
DA:25,17
DA:26,17
DA:36,17
DA:37,2
DA:39,16
DA:40,16
DA:41,16
DA:42,15
DA:43,15
DA:44,15
DA:45,15
DA:53,6
DA:54,4
DA:55,2
DA:56,1
DA:57,1
DA:61,17
DA:62,16
DA:63,2
DA:67,2
DA:73,80
DA:76,80
DA:82,80
DA:83,1
DA:89,1
DA:93,80
DA:132,18
DA:138,3
DA:153,1
LF:29
LH:29
BRDA:36,0,0,2
BRDA:36,0,1,14
BRDA:42,1,0,1
BRDA:42,1,1,14
BRDA:43,2,0,1
BRDA:43,2,1,14
BRDA:44,3,0,10
BRDA:44,3,1,5
BRDA:53,4,0,4
BRDA:53,4,1,2
BRDA:55,5,0,1
BRDA:55,5,1,1
BRDA:85,6,0,7
BRDA:85,6,1,73
BRDA:96,7,0,3
BRDA:96,7,1,77
BRDA:96,8,0,80
BRDA:96,8,1,11
BRDA:97,9,0,8
BRDA:97,9,1,72
BRDA:97,10,0,80
BRDA:97,10,1,11
BRDA:123,11,0,69
BRDA:123,11,1,11
BRDA:131,12,0,6
BRDA:131,12,1,5
BRF:26
BRH:26
end_of_record
TN:
SF:pages/akun/index.js
FN:22,(anonymous_0)
FN:36,(anonymous_1)
FN:42,(anonymous_2)
FN:50,(anonymous_3)
FN:64,(anonymous_4)
FN:74,(anonymous_5)
FN:105,(anonymous_6)
FN:110,(anonymous_7)
FNF:8
FNH:8
FNDA:7,(anonymous_0)
FNDA:7,(anonymous_1)
FNDA:1,(anonymous_2)
FNDA:8,(anonymous_3)
FNDA:3,(anonymous_4)
FNDA:32,(anonymous_5)
FNDA:1,(anonymous_6)
FNDA:1,(anonymous_7)
DA:23,7
DA:24,7
DA:38,7
DA:39,7
DA:51,8
DA:52,8
DA:53,6
DA:54,5
DA:55,2
DA:65,3
DA:66,3
DA:67,3
DA:68,3
DA:69,1
DA:70,1
DA:75,32
DA:77,32
DA:105,1
DA:110,1
DA:122,1
LF:20
LH:20
BRDA:54,0,0,2
BRDA:54,0,1,3
BRDA:68,1,0,1
BRDA:68,1,1,2
BRDA:96,2,0,1
BRDA:96,2,1,31
BRF:6
BRH:6
end_of_record
TN:
SF:pages/detail-tagihan/[order_id]/index.js
FN:19,(anonymous_0)
FN:26,(anonymous_1)
FN:37,(anonymous_2)
FN:48,(anonymous_3)
FN:63,(anonymous_4)
FN:75,(anonymous_5)
FN:95,(anonymous_6)
FN:118,(anonymous_7)
FNF:8
FNH:8
FNDA:12,(anonymous_0)
FNDA:12,(anonymous_1)
FNDA:1,(anonymous_2)
FNDA:18,(anonymous_3)
FNDA:6,(anonymous_4)
FNDA:10,(anonymous_5)
FNDA:67,(anonymous_6)
FNDA:1,(anonymous_7)
DA:20,12
DA:21,12
DA:28,12
DA:29,12
DA:30,12
DA:32,11
DA:33,10
DA:49,18
DA:51,18
DA:52,18
DA:53,18
DA:57,16
DA:61,16
DA:64,6
DA:65,6
DA:66,2
DA:67,2
DA:68,4
DA:69,2
DA:70,2
DA:71,2
DA:73,2
DA:76,10
DA:77,8
DA:78,8
DA:79,2
DA:82,6
DA:83,2
DA:84,4
DA:85,2
DA:87,8
DA:89,2
DA:91,10
DA:96,67
DA:99,67
DA:101,4
DA:103,1
DA:104,1
DA:106,1
DA:107,1
DA:109,2
DA:111,4
DA:118,1
DA:126,67
DA:138,1
LF:45
LH:45
BRDA:32,0,0,10
BRDA:32,0,1,1
BRDA:65,1,0,2
BRDA:65,1,1,4
BRDA:68,2,0,2
BRDA:68,2,1,2
BRDA:76,3,0,8
BRDA:76,3,1,2
BRDA:78,4,0,2
BRDA:78,4,1,6
BRDA:82,5,0,2
BRDA:82,5,1,4
BRDA:84,6,0,2
BRDA:84,6,1,2
BRDA:99,7,0,4
BRDA:99,7,1,63
BRDA:99,8,0,67
BRDA:99,8,1,65
BRDA:99,8,2,64
BRDA:101,9,0,1
BRDA:101,9,1,1
BRDA:101,9,2,2
BRDA:129,10,0,26
BRDA:129,10,1,41
BRF:24
BRH:24
end_of_record
TN:
SF:pages/expired-bill/index.js
FN:9,(anonymous_0)
FN:13,(anonymous_1)
FN:17,(anonymous_2)
FNF:3
FNH:3
FNDA:1,(anonymous_0)
FNDA:1,(anonymous_1)
FNDA:1,(anonymous_2)
DA:18,1
LF:1
LH:1
BRF:0
BRH:0
end_of_record
TN:
SF:pages/keranjang/index.js
FN:29,(anonymous_0)
FN:43,(anonymous_1)
FN:48,(anonymous_2)
FN:58,(anonymous_3)
FN:74,(anonymous_4)
FN:76,(anonymous_5)
FN:86,(anonymous_6)
FN:93,(anonymous_7)
FN:96,(anonymous_8)
FN:96,(anonymous_9)
FN:103,(anonymous_10)
FN:150,(anonymous_11)
FN:163,(anonymous_12)
FN:203,(anonymous_13)
FN:216,(anonymous_14)
FN:235,(anonymous_15)
FN:239,(anonymous_16)
FN:263,(anonymous_17)
FNF:18
FNH:16
FNDA:10,(anonymous_0)
FNDA:10,(anonymous_1)
FNDA:1,(anonymous_2)
FNDA:13,(anonymous_3)
FNDA:3,(anonymous_4)
FNDA:2,(anonymous_5)
FNDA:38,(anonymous_6)
FNDA:6,(anonymous_7)
FNDA:1,(anonymous_8)
FNDA:0,(anonymous_9)
FNDA:4,(anonymous_10)
FNDA:16,(anonymous_11)
FNDA:2,(anonymous_12)
FNDA:1,(anonymous_13)
FNDA:6,(anonymous_14)
FNDA:1,(anonymous_15)
FNDA:1,(anonymous_16)
FNDA:0,(anonymous_17)
DA:30,10
DA:31,10
DA:45,10
DA:59,13
DA:60,4
DA:61,2
DA:66,4
DA:75,3
DA:76,3
DA:78,3
DA:79,1
DA:81,2
DA:82,2
DA:87,38
DA:88,38
DA:92,38
DA:93,38
DA:94,6
DA:96,1
DA:103,38
DA:104,4
DA:151,16
DA:163,38
DA:164,2
DA:195,38
DA:203,1
DA:216,6
DA:237,1
DA:239,1
DA:255,1
DA:263,1
LF:31
LH:31
BRDA:60,0,0,2
BRDA:60,0,1,2
BRDA:78,1,0,1
BRDA:78,1,1,2
BRDA:197,2,0,1
BRDA:197,2,1,37
BRDA:211,3,0,14
BRDA:211,3,1,23
BRDA:215,4,0,5
BRDA:215,4,1,18
BRDA:216,5,0,4
BRDA:216,5,1,2
BRDA:240,6,0,37
BRDA:240,6,1,4
BRDA:240,6,2,4
BRF:15
BRH:15
end_of_record
TN:
SF:pages/login/index.js
FN:20,(anonymous_0)
FN:33,(anonymous_1)
FN:53,(anonymous_2)
FN:57,(anonymous_3)
FN:71,(anonymous_4)
FN:83,(anonymous_5)
FNF:6
FNH:5
FNDA:6,(anonymous_0)
FNDA:5,(anonymous_1)
FNDA:14,(anonymous_2)
FNDA:1,(anonymous_3)
FNDA:0,(anonymous_4)
FNDA:1,(anonymous_5)
DA:21,6
DA:22,6
DA:34,5
DA:35,5
DA:39,5
DA:42,5
DA:43,3
DA:44,3
DA:45,2
DA:47,2
DA:49,1
DA:54,14
DA:57,1
DA:72,0
DA:83,1
DA:97,1
LF:16
LH:15
BRDA:44,0,0,2
BRDA:44,0,1,1
BRDA:47,1,0,1
BRDA:47,1,1,1
BRF:4
BRH:4
end_of_record
TN:
SF:pages/pembayaran-berhasil/index.js
FN:14,(anonymous_0)
FN:19,(anonymous_1)
FN:23,(anonymous_2)
FN:27,(anonymous_3)
FN:45,(anonymous_4)
FNF:5
FNH:5
FNDA:2,(anonymous_0)
FNDA:2,(anonymous_1)
FNDA:1,(anonymous_2)
FNDA:2,(anonymous_3)
FNDA:1,(anonymous_4)
DA:15,2
DA:16,2
DA:28,2
DA:45,1
LF:4
LH:4
BRF:0
BRH:0
end_of_record
TN:
SF:pages/pulsa-dan-data/index.js
FN:24,(anonymous_0)
FN:41,(anonymous_1)
FN:48,(anonymous_2)
FN:56,(anonymous_3)
FN:92,(anonymous_4)
FN:105,(anonymous_5)
FN:119,(anonymous_6)
FN:132,(anonymous_7)
FN:152,(anonymous_8)
FN:158,(anonymous_9)
FN:164,(anonymous_10)
FN:177,(anonymous_11)
FN:197,(anonymous_12)
FN:211,(anonymous_13)
FNF:14
FNH:14
FNDA:19,(anonymous_0)
FNDA:19,(anonymous_1)
FNDA:1,(anonymous_2)
FNDA:5,(anonymous_3)
FNDA:5,(anonymous_4)
FNDA:3,(anonymous_5)
FNDA:3,(anonymous_6)
FNDA:5,(anonymous_7)
FNDA:90,(anonymous_8)
FNDA:10,(anonymous_9)
FNDA:2,(anonymous_10)
FNDA:1,(anonymous_11)
FNDA:1,(anonymous_12)
FNDA:1,(anonymous_13)
DA:25,19
DA:26,19
DA:43,19
DA:44,11
DA:57,5
DA:60,5
DA:61,5
DA:63,5
DA:65,3
DA:68,3
DA:69,2
DA:70,2
DA:74,3
DA:78,5
DA:79,2
DA:93,5
DA:94,5
DA:96,5
DA:97,2
DA:98,2
DA:106,3
DA:107,3
DA:108,2
DA:110,1
DA:120,3
DA:121,3
DA:122,3
DA:123,3
DA:133,5
DA:134,1
DA:136,4
DA:138,4
DA:139,4
DA:144,4
DA:145,3
DA:146,2
DA:148,3
DA:155,90
DA:156,90
DA:159,10
DA:164,2
DA:169,90
DA:174,90
DA:177,1
DA:197,1
DA:211,1
DA:233,1
LF:47
LH:47
BRDA:43,0,0,11
BRDA:43,0,1,8
BRDA:63,1,0,3
BRDA:63,1,1,2
BRDA:68,2,0,2
BRDA:68,2,1,1
BRDA:78,3,0,2
BRDA:78,3,1,3
BRDA:94,4,0,2
BRDA:94,4,1,3
BRDA:97,5,0,1
BRDA:97,5,1,1
BRDA:107,6,0,2
BRDA:107,6,1,1
BRDA:122,7,0,1
BRDA:122,7,1,2
BRDA:123,8,0,1
BRDA:123,8,1,2
BRDA:133,9,0,1
BRDA:133,9,1,4
BRDA:145,10,0,2
BRDA:145,10,1,1
BRDA:156,11,0,10
BRDA:156,11,1,80
BRDA:169,12,0,9
BRDA:169,12,1,81
BRDA:199,13,0,4
BRDA:199,13,1,86
BRF:28
BRH:28
end_of_record
TN:
SF:pages/riwayat/index.js
FN:22,(anonymous_0)
FN:31,(anonymous_1)
FN:35,(anonymous_2)
FN:40,(anonymous_3)
FN:51,(anonymous_4)
FN:61,(anonymous_5)
FN:76,(anonymous_6)
FN:80,(anonymous_7)
FN:87,(anonymous_8)
FN:96,(anonymous_9)
FNF:10
FNH:9
FNDA:7,(anonymous_0)
FNDA:7,(anonymous_1)
FNDA:1,(anonymous_2)
FNDA:11,(anonymous_3)
FNDA:25,(anonymous_4)
FNDA:1,(anonymous_5)
FNDA:0,(anonymous_6)
FNDA:32,(anonymous_7)
FNDA:1,(anonymous_8)
FNDA:4,(anonymous_9)
DA:20,1
DA:23,7
DA:24,7
DA:32,7
DA:36,1
DA:37,1
DA:41,11
DA:42,11
DA:43,6
DA:44,2
DA:45,2
DA:46,1
DA:48,6
DA:52,25
DA:53,25
DA:61,1
DA:76,0
DA:81,32
DA:87,1
DA:97,4
DA:125,1
LF:21
LH:20
BRDA:43,0,0,2
BRDA:43,0,1,4
BRDA:45,1,0,1
BRDA:45,1,1,1
BRDA:56,2,0,7
BRDA:56,2,1,18
BRDA:63,3,0,13
BRDA:63,3,1,5
BRF:8
BRH:8
end_of_record
TN:
SF:pages/riwayat/[order_id]/index.js
FN:16,(anonymous_0)
FN:46,(anonymous_1)
FN:52,(anonymous_2)
FN:56,(anonymous_3)
FN:62,(anonymous_4)
FNF:5
FNH:5
FNDA:1,(anonymous_0)
FNDA:1,(anonymous_1)
FNDA:1,(anonymous_2)
FNDA:2,(anonymous_3)
FNDA:1,(anonymous_4)
DA:17,1
DA:18,1
DA:47,1
DA:48,1
DA:57,2
DA:59,2
DA:62,1
DA:71,1
LF:8
LH:8
BRF:0
BRH:0
end_of_record
TN:
SF:pages/status-pembayaran/[order_id]/index.js
FN:31,(anonymous_0)
FN:65,(anonymous_1)
FN:73,(anonymous_2)
FN:74,(anonymous_3)
FN:82,(anonymous_4)
FN:98,(anonymous_5)
FN:110,(anonymous_6)
FN:132,(anonymous_7)
FN:143,(anonymous_8)
FN:152,(anonymous_9)
FN:158,(anonymous_10)
FN:175,(anonymous_11)
FN:201,(anonymous_12)
FN:247,(anonymous_13)
FN:264,(anonymous_14)
FN:293,(anonymous_15)
FN:319,(anonymous_16)
FNF:17
FNH:15
FNDA:13,(anonymous_0)
FNDA:13,(anonymous_1)
FNDA:15,(anonymous_2)
FNDA:0,(anonymous_3)
FNDA:3,(anonymous_4)
FNDA:6,(anonymous_5)
FNDA:5,(anonymous_6)
FNDA:5,(anonymous_7)
FNDA:3,(anonymous_8)
FNDA:1,(anonymous_9)
FNDA:79,(anonymous_10)
FNDA:1,(anonymous_11)
FNDA:1,(anonymous_12)
FNDA:1,(anonymous_13)
FNDA:1,(anonymous_14)
FNDA:1,(anonymous_15)
FNDA:0,(anonymous_16)
DA:32,13
DA:33,13
DA:66,13
DA:67,13
DA:68,13
DA:69,13
DA:74,15
DA:83,3
DA:84,3
DA:85,1
DA:86,1
DA:88,2
DA:89,1
DA:91,2
DA:99,6
DA:100,6
DA:111,5
DA:112,5
DA:113,4
DA:114,1
DA:115,1
DA:116,1
DA:117,1
DA:120,3
DA:121,3
DA:123,4
DA:133,5
DA:134,4
DA:135,4
DA:144,3
DA:145,1
DA:153,1
DA:154,1
DA:161,79
DA:162,79
DA:165,79
DA:175,79
DA:179,79
DA:181,20
DA:201,1
DA:247,1
DA:264,1
DA:274,59
DA:276,1
DA:279,58
DA:280,2
DA:293,1
DA:301,56
DA:310,79
DA:319,0
DA:335,1
LF:51
LH:50
BRDA:68,0,0,0
BRDA:68,0,1,13
BRDA:84,1,0,1
BRDA:84,1,1,2
BRDA:88,2,0,1
BRDA:88,2,1,1
BRDA:113,3,0,1
BRDA:113,3,1,3
BRDA:114,4,0,1
BRDA:114,4,1,0
BRDA:114,5,0,1
BRDA:114,5,1,0
BRDA:114,5,2,0
BRDA:134,6,0,1
BRDA:134,6,1,3
BRDA:179,7,0,20
BRDA:179,7,1,59
BRDA:196,8,0,0
BRDA:196,8,1,20
BRDA:274,9,0,1
BRDA:274,9,1,58
BRDA:279,10,0,2
BRDA:279,10,1,56
BRDA:312,11,0,27
BRDA:312,11,1,52
BRDA:317,12,0,0
BRDA:317,12,1,52
BRF:27
BRH:21
end_of_record
TN:
SF:pages/token-listrik/index.js
FN:31,(anonymous_0)
FN:58,(anonymous_1)
FN:63,(anonymous_2)
FN:73,(anonymous_3)
FN:89,(anonymous_4)
FN:104,(anonymous_5)
FN:114,(anonymous_6)
FN:153,(anonymous_7)
FN:170,(anonymous_8)
FN:182,(anonymous_9)
FN:198,(anonymous_10)
FN:212,(anonymous_11)
FN:225,(anonymous_12)
FN:231,(anonymous_13)
FN:241,(anonymous_14)
FN:288,(anonymous_15)
FNF:16
FNH:16
FNDA:10,(anonymous_0)
FNDA:10,(anonymous_1)
FNDA:1,(anonymous_2)
FNDA:4,(anonymous_3)
FNDA:5,(anonymous_4)
FNDA:12,(anonymous_5)
FNDA:7,(anonymous_6)
FNDA:4,(anonymous_7)
FNDA:73,(anonymous_8)
FNDA:1,(anonymous_9)
FNDA:1,(anonymous_10)
FNDA:1,(anonymous_11)
FNDA:6,(anonymous_12)
FNDA:1,(anonymous_13)
FNDA:1,(anonymous_14)
FNDA:1,(anonymous_15)
DA:32,10
DA:33,10
DA:60,10
DA:74,4
DA:76,4
DA:77,4
DA:78,4
DA:79,1
DA:81,3
DA:90,5
DA:91,5
DA:92,5
DA:93,3
DA:95,2
DA:105,12
DA:106,3
DA:107,3
DA:115,7
DA:118,7
DA:120,7
DA:121,6
DA:122,4
DA:125,2
DA:127,2
DA:131,2
DA:137,2
DA:138,2
DA:139,1
DA:140,1
DA:142,2
DA:154,4
DA:156,4
DA:157,4
DA:158,4
DA:163,4
DA:164,3
DA:165,2
DA:167,3
DA:175,73
DA:179,73
DA:180,63
DA:182,1
DA:198,1
DA:212,1
DA:226,6
DA:231,1
DA:238,10
DA:239,9
DA:241,1
DA:288,1
DA:298,73
DA:310,1
LF:52
LH:52
BRDA:78,0,0,1
BRDA:78,0,1,3
BRDA:92,1,0,3
BRDA:92,1,1,2
BRDA:92,2,0,5
BRDA:92,2,1,4
BRDA:106,3,0,1
BRDA:106,3,1,2
BRDA:120,4,0,1
BRDA:120,4,1,6
BRDA:121,5,0,2
BRDA:121,5,1,4
BRDA:122,6,0,2
BRDA:122,6,1,2
BRDA:122,7,0,4
BRDA:122,7,1,3
BRDA:138,8,0,1
BRDA:138,8,1,1
BRDA:164,9,0,2
BRDA:164,9,1,1
BRDA:179,10,0,63
BRDA:179,10,1,10
BRDA:201,11,0,4
BRDA:201,11,1,59
BRDA:214,12,0,4
BRDA:214,12,1,59
BRDA:223,13,0,50
BRDA:223,13,1,13
BRDA:238,14,0,9
BRDA:238,14,1,1
BRF:30
BRH:30
end_of_record
TN:
SF:pages/url-not-found/index.js
FN:14,(anonymous_0)
FNF:1
FNH:1
FNDA:1,(anonymous_0)
DA:15,1
LF:1
LH:1
BRF:0
BRH:0
end_of_record
TN:
SF:utils/Calculate.js
FN:9,getRupiah
FNF:1
FNH:1
FNDA:161,getRupiah
DA:10,161
DA:11,158
LF:2
LH:2
BRDA:10,0,0,3
BRDA:10,0,1,158
BRDA:10,1,0,161
BRDA:10,1,1,160
BRDA:10,1,2,159
BRF:5
BRH:5
end_of_record
TN:
SF:utils/CommonUtils.js
FN:6,copyToClipboard
FN:22,getHashUrl
FNF:2
FNH:2
FNDA:4,copyToClipboard
FNDA:26,getHashUrl
DA:7,4
DA:8,4
DA:9,4
DA:10,4
DA:11,4
DA:12,2
DA:13,2
DA:23,26
DA:24,26
LF:9
LH:9
BRF:0
BRH:0
end_of_record
TN:
SF:utils/Flagr.js
FN:8,featureEnable
FN:16,(anonymous_1)
FN:19,(anonymous_2)
FNF:3
FNH:3
FNDA:10,featureEnable
FNDA:1,(anonymous_1)
FNDA:4,(anonymous_2)
DA:9,10
DA:11,10
DA:12,10
DA:14,10
DA:17,1
DA:20,4
DA:23,5
LF:7
LH:7
BRF:0
BRH:0
end_of_record
TN:
SF:utils/MappingIdToUrl.js
FN:9,additionalProductURL
FNF:1
FNH:1
FNDA:7,additionalProductURL
DA:10,7
DA:12,7
DA:14,2
DA:15,2
DA:17,1
DA:18,1
DA:20,2
DA:21,2
DA:23,2
DA:25,7
LF:10
LH:10
BRDA:12,0,0,2
BRDA:12,0,1,1
BRDA:12,0,2,2
BRDA:12,0,3,2
BRF:4
BRH:4
end_of_record
TN:
SF:utils/NetworkCall.js
FN:22,CommonNetworkCall
FN:28,(anonymous_1)
FN:37,(anonymous_2)
FN:59,AuthNetworkCall
FN:76,(anonymous_4)
FN:85,(anonymous_5)
FN:102,doLogout
FN:107,axiosService
FN:131,isUserLoggedValid
FN:143,(anonymous_9)
FN:144,(anonymous_10)
FNF:11
FNH:11
FNDA:29,CommonNetworkCall
FNDA:6,(anonymous_1)
FNDA:15,(anonymous_2)
FNDA:94,AuthNetworkCall
FNDA:33,(anonymous_4)
FNDA:27,(anonymous_5)
FNDA:15,doLogout
FNDA:110,axiosService
FNDA:11,isUserLoggedValid
FNDA:1,(anonymous_9)
FNDA:4,(anonymous_10)
DA:23,29
DA:24,29
DA:27,29
DA:29,6
DA:31,6
DA:32,1
DA:33,1
DA:35,5
DA:38,15
DA:39,13
DA:40,13
DA:42,2
DA:44,3
DA:60,94
DA:61,94
DA:63,94
DA:65,94
DA:66,81
DA:68,13
DA:69,13
DA:70,10
DA:75,81
DA:77,33
DA:79,33
DA:80,11
DA:81,11
DA:83,22
DA:86,27
DA:87,17
DA:88,17
DA:89,1
DA:90,1
DA:91,16
DA:92,1
DA:93,1
DA:94,15
DA:96,10
DA:98,14
DA:103,15
DA:104,15
DA:108,110
DA:110,86
DA:112,16
DA:114,6
DA:116,1
DA:118,1
DA:132,11
DA:134,11
DA:135,11
DA:136,5
DA:138,6
DA:141,5
DA:143,1
DA:145,4
DA:146,3
DA:147,1
DA:149,2
DA:150,1
DA:152,1
DA:154,1
LF:60
LH:60
BRDA:22,0,0,24
BRDA:22,1,0,24
BRDA:31,2,0,1
BRDA:31,2,1,5
BRDA:38,3,0,13
BRDA:38,3,1,2
BRDA:59,4,0,84
BRDA:59,5,0,84
BRDA:65,6,0,81
BRDA:65,6,1,13
BRDA:79,7,0,11
BRDA:79,7,1,22
BRDA:86,8,0,17
BRDA:86,8,1,10
BRDA:88,9,0,1
BRDA:88,9,1,16
BRDA:91,10,0,1
BRDA:91,10,1,15
BRDA:107,11,0,0
BRDA:107,12,0,0
BRDA:108,13,0,86
BRDA:108,13,1,16
BRDA:108,13,2,6
BRDA:108,13,3,1
BRDA:108,13,4,1
BRDA:135,14,0,5
BRDA:135,14,1,6
BRDA:145,15,0,3
BRDA:145,15,1,1
BRDA:146,16,0,1
BRDA:146,16,1,2
BRDA:149,17,0,1
BRDA:149,17,1,1
BRF:33
BRH:31
end_of_record
TN:
SF:utils/Validator.js
FN:9,isNotUndefined
FN:21,isNotUndefinedAndNotEmpty
FN:30,(anonymous_2)
FN:40,(anonymous_3)
FN:53,(anonymous_4)
FN:63,(anonymous_5)
FNF:6
FNH:6
FNDA:221,isNotUndefined
FNDA:55,isNotUndefinedAndNotEmpty
FNDA:8,(anonymous_2)
FNDA:11,(anonymous_3)
FNDA:2,(anonymous_4)
FNDA:6,(anonymous_5)
DA:10,221
DA:22,55
DA:30,21
DA:32,8
DA:40,21
DA:41,11
DA:43,11
DA:53,21
DA:54,2
DA:55,2
DA:63,21
DA:64,6
DA:65,6
LF:13
LH:13
BRDA:22,0,0,55
BRDA:22,0,1,33
BRDA:32,1,0,8
BRDA:32,1,1,3
BRDA:65,2,0,6
BRDA:65,2,1,5
BRDA:65,2,2,3
BRF:7
BRH:7
end_of_record
